Removed Pin From Net: NetName=GND Pin=P1-3
Removed Pin From Net: NetName=VCC Pin=P1-4
Removed Pin From Net: NetName=GND Pin=P2-5
Removed Pin From Net: NetName=GND Pin=P2-6
Removed Pin From Net: NetName=VCC Pin=P2-7
Removed Pin From Net: NetName=VCC Pin=P2-8
Added Pin To Net: NetName=VCC Pin=P1-3
Added Pin To Net: NetName=GND Pin=P1-4
Added Pin To Net: NetName=VCC Pin=P2-5
Added Pin To Net: NetName=VCC Pin=P2-6
Added Pin To Net: NetName=GND Pin=P2-7
Added Pin To Net: NetName=GND Pin=P2-8
Added Member To Class: ClassName=DOAN1 Member=Component BH1750 I2C
Added Member To Class: ClassName=DOAN1 Member=Component C1 10uF
Added Member To Class: ClassName=DOAN1 Member=Component C2 10uF
Added Member To Class: ClassName=DOAN1 Member=Component C3 10uF
Added Member To Class: ClassName=DOAN1 Member=Component C4 10uF
Added Member To Class: ClassName=DOAN1 Member=Component CAM BIEN DAT
Added Member To Class: ClassName=DOAN1 Member=Component CON1 CON DC PWR
Added Member To Class: ClassName=DOAN1 Member=Component D1 LED RED
Added Member To Class: ClassName=DOAN1 Member=Component DHT22
Added Member To Class: ClassName=DOAN1 Member=Component ESP-12F
Added Member To Class: ClassName=DOAN1 Member=Component LCD OLED
Added Member To Class: ClassName=DOAN1 Member=Component P1 Header 4
Added Member To Class: ClassName=DOAN1 Member=Component P2 Header 4X2
Added Member To Class: ClassName=DOAN1 Member=Component P3 Header 2
Added Member To Class: ClassName=DOAN1 Member=Component P4 Header 2
Added Member To Class: ClassName=DOAN1 Member=Component R1 0
Added Member To Class: ClassName=DOAN1 Member=Component R2 R
Added Member To Class: ClassName=DOAN1 Member=Component RELAY
Added Member To Class: ClassName=DOAN1 Member=Component  Header 20
Added Member To Class: ClassName=DOAN1 Member=Component  Header 20
Added Member To Class: ClassName=DOAN1 Member=Component U1 L7805ACV
Added Member To Class: ClassName=DOAN1 Member=Component U2 AMS1117-3.3
