Removed Pin From Net: NetName=3.3V Pin=LCD Oled-1
Removed Pin From Net: NetName=GND Pin=LCD Oled-2
Removed Pin From Net: NetName=B10 Pin=LCD Oled-3
Removed Pin From Net: NetName=B11 Pin=LCD Oled-4
Added Component: Designator=BH1750 I2C(HDR/Header/5)
Added Component: Designator=BZ1(BUZZER)
Add component (AddParameter): Name = "BRAND"; Value = ""; VariantName = "[No Variations]"
Add component (AddParameter): Name = "PACKAGE"; Value = ""; VariantName = "[No Variations]"
Add component (AddParameter): Name = "PART NO"; Value = ""; VariantName = "[No Variations]"
Add component (AddParameter): Name = "STOCK CODE"; Value = ""; VariantName = "[No Variations]"
Add component (AddParameter): Name = "SUPPLIER"; Value = ""; VariantName = "[No Variations]"
Add component (AddParameter): Name = "TYPE"; Value = ""; VariantName = "[No Variations]"
Added Component: Designator=CAM BIEN DAT(HDR/Header/4)
Added Component: Designator=DHT22(HDR/Header/3)
Added Component: Designator=ESP01(ESP8266 ESP-01)
Added Component: Designator=LCD Oled(HDR/Header/4)
Added Component: Designator=P3(HDR/Header/2)
Add component (AddParameter): Name = "BRAND"; Value = ""; VariantName = "[No Variations]"
Add component (AddParameter): Name = "PACKAGE"; Value = ""; VariantName = "[No Variations]"
Add component (AddParameter): Name = "PART NO"; Value = ""; VariantName = "[No Variations]"
Add component (AddParameter): Name = "STOCK CODE"; Value = ""; VariantName = "[No Variations]"
Add component (AddParameter): Name = "SUPPLIER"; Value = ""; VariantName = "[No Variations]"
Add component (AddParameter): Name = "TYPE"; Value = ""; VariantName = "[No Variations]"
Added Component: Designator=P3(HDR/Terminal/2)
Add component (AddParameter): Name = "BRAND"; Value = ""; VariantName = "[No Variations]"
Add component (AddParameter): Name = "PACKAGE"; Value = ""; VariantName = "[No Variations]"
Add component (AddParameter): Name = "PART NO"; Value = ""; VariantName = "[No Variations]"
Add component (AddParameter): Name = "STOCK CODE"; Value = ""; VariantName = "[No Variations]"
Add component (AddParameter): Name = "SUPPLIER"; Value = ""; VariantName = "[No Variations]"
Add component (AddParameter): Name = "TYPE"; Value = ""; VariantName = "[No Variations]"
Added Component: Designator=P4(HDR/Header/2)
Add component (AddParameter): Name = "BRAND"; Value = ""; VariantName = "[No Variations]"
Add component (AddParameter): Name = "PACKAGE"; Value = ""; VariantName = "[No Variations]"
Add component (AddParameter): Name = "PART NO"; Value = ""; VariantName = "[No Variations]"
Add component (AddParameter): Name = "STOCK CODE"; Value = ""; VariantName = "[No Variations]"
Add component (AddParameter): Name = "SUPPLIER"; Value = ""; VariantName = "[No Variations]"
Add component (AddParameter): Name = "TYPE"; Value = ""; VariantName = "[No Variations]"
Added Component: Designator=RELAY(HDR/Header/4)
Added Component: Designator=(HDR/Header/20)
Added Component: Designator=(HDR/Header/20)
Added Pin To Net: NetName=B12 Pin=-1
Added Pin To Net: NetName=B13 Pin=-2
Added Pin To Net: NetName=B14 Pin=-3
Added Pin To Net: NetName=B11 Pin=-5
Added Pin To Net: NetName=A9 Pin=-6
Added Pin To Net: NetName=B10 Pin=-6
Added Pin To Net: NetName=A10 Pin=-7
Added Pin To Net: NetName=B6 Pin=-14
Added Pin To Net: NetName=A1 Pin=-15
Added Pin To Net: NetName=B7 Pin=-15
Added Pin To Net: NetName=A0 Pin=-16
Added Pin To Net: NetName=3.3V Pin=BH1750 I2C-1
Added Pin To Net: NetName=GND Pin=BH1750 I2C-2
Added Pin To Net: NetName=B6 Pin=BH1750 I2C-3
Added Pin To Net: NetName=B7 Pin=BH1750 I2C-4
Added Pin To Net: NetName=GND Pin=BH1750 I2C-5
Added Pin To Net: NetName=B14 Pin=BZ1-1
Added Pin To Net: NetName=GND Pin=BZ1-2
Added Pin To Net: NetName=3.3V Pin=CAM BIEN DAT-1
Added Pin To Net: NetName=GND Pin=CAM BIEN DAT-2
Added Pin To Net: NetName=A0 Pin=CAM BIEN DAT-4
Added Pin To Net: NetName=3.3V Pin=DHT22-1
Added Pin To Net: NetName=A1 Pin=DHT22-2
Added Pin To Net: NetName=GND Pin=DHT22-3
Added Pin To Net: NetName=A10 Pin=ESP01-1
Added Pin To Net: NetName=3.3V Pin=ESP01-2
Added Pin To Net: NetName=3.3V Pin=ESP01-6
Added Pin To Net: NetName=GND Pin=ESP01-7
Added Pin To Net: NetName=A9 Pin=ESP01-8
Add Pin To Net: Unknown Pin: Pin LCD Oled-GND
Add Pin To Net: Unknown Pin: Pin LCD Oled-GND
Add Pin To Net: Unknown Pin: Pin LCD Oled-SCL
Add Pin To Net: Unknown Pin: Pin LCD Oled-SCL
Add Pin To Net: Unknown Pin: Pin LCD Oled-SDA
Add Pin To Net: Unknown Pin: Pin LCD Oled-SDA
Add Pin To Net: Unknown Pin: Pin LCD Oled-VCC
Add Pin To Net: Unknown Pin: Pin LCD Oled-VCC
Added Pin To Net: NetName=3.3V Pin=P3-1
Added Pin To Net: NetName=VCC Pin=P3-1
Added Pin To Net: NetName=GND Pin=P3-2
Added Pin To Net: NetName=GND Pin=P3-2
Added Pin To Net: NetName=5V Pin=P4-1
Added Pin To Net: NetName=GND Pin=P4-2
Added Pin To Net: NetName=5V Pin=RELAY-1
Added Pin To Net: NetName=GND Pin=RELAY-2
Added Pin To Net: NetName=B12 Pin=RELAY-3
Added Pin To Net: NetName=B13 Pin=RELAY-4
Added Class: Name=Copy of DOAN1
Added Member To Class: ClassName=DOAN1 Member=Component P3 Header 2
Added Member To Class: ClassName=DOAN1 Member=Component  Header 20
Added Member To Class: ClassName=DOAN1 Member=Component  Header 20
Added Member To Class: ClassName=DOAN1 Member=Component U1 L7805ACV
Added Member To Class: ClassName=DOAN1 Member=Component U2 AMS1117-3.3
