Add Pin To Net: Unknown Pin: Pin CAM BIEN DAT-A0
Add Pin To Net: Unknown Pin: Pin CAM BIEN DAT-GND
Add Pin To Net: Unknown Pin: Pin CAM BIEN DAT-VCC
Add Pin To Net: Unknown Pin: Pin DHT22-GND
Add Pin To Net: Unknown Pin: Pin DHT22-OUT
Add Pin To Net: Unknown Pin: Pin DHT22-VCC
Add Pin To Net: Unknown Pin: Pin ESP12-F-EN
Add Pin To Net: Unknown Pin: Pin ESP12-F-GND
Add Pin To Net: Unknown Pin: Pin ESP12-F-RX
Add Pin To Net: Unknown Pin: Pin ESP12-F-TX
Add Pin To Net: Unknown Pin: Pin ESP12-F-VCC
Add Pin To Net: Unknown Pin: Pin LCD WITH I2C-GND
Add Pin To Net: Unknown Pin: Pin LCD WITH I2C-SCL
Add Pin To Net: Unknown Pin: Pin LCD WITH I2C-SDA
Add Pin To Net: Unknown Pin: Pin LCD WITH I2C-VCC
Add Pin To Net: Unknown Pin: Pin RELAY-GND
Add Pin To Net: Unknown Pin: Pin RELAY-IN1
Add Pin To Net: Unknown Pin: Pin RELAY-IN2
Add Pin To Net: Unknown Pin: Pin RELAY-VCC
Added Member To Class: ClassName=Sheet1 Member=Component  Header 20
Added Member To Class: ClassName=Sheet1 Member=Component  Header 20
